# JRE version: OpenJDK Runtime Environment Temurin-21+35-202309042131 (21.0+35) (build 21-beta+35-ea)
# Java VM: OpenJDK 64-Bit Server VM Temurin-21+35-202309042131 (21-beta+35-ea, mixed mode, emulated-client, sharing, tiered, compressed oops, compressed class ptrs, g1 gc, windows-amd64)
GC Precious Log:
 CardTable entry size: 512
 Card Set container configuration: InlinePtr #cards 4 size 8 Array Of Cards #cards 16 size 48 Howl #buckets 8 coarsen threshold 3686 Howl Bitmap #cards 512 size 80 coarsen threshold 460 Card regions per heap region 1 cards per card region 4096
 CPUs: 16 total, 16 available
 Memory: 16145M
 Large Page Support: Disabled
 NUMA Support: Disabled
 Compressed Oops: Enabled (Zero based)
 Heap Region Size: 2M
 Heap Min Capacity: 8M
 Heap Initial Capacity: 254M
 Heap Max Capacity: 4038M
 Pre-touch: Disabled
 Parallel Workers: 13
 Concurrent Workers: 3
 Concurrent Refinement Workers: 13
 Periodic GC: Disabled
Heap:
 garbage-first heap   total 81920K, used 65990K [0x0000000703a00000, 0x0000000800000000)
  region size 2048K, 23 young (47104K), 2 survivors (4096K)
 Metaspace       used 60650K, committed 61440K, reserved 1114112K
  class space    used 8253K, committed 8640K, reserved 1048576K
GC Heap History (20 events):
Event: 14077.460 GC heap after
{Heap after GC invocations=84 (full 25):
 garbage-first heap   total 81920K, used 28539K [0x0000000703a00000, 0x0000000800000000)
  region size 2048K, 2 young (4096K), 2 survivors (4096K)
 Metaspace       used 59966K, committed 60800K, reserved 1114112K
  class space    used 8184K, committed 8576K, reserved 1048576K
}
Event: 14151.612 GC heap before
{Heap before GC invocations=84 (full 25):
 garbage-first heap   total 81920K, used 55163K [0x0000000703a00000, 0x0000000800000000)
  region size 2048K, 16 young (32768K), 2 survivors (4096K)
 Metaspace       used 60060K, committed 60800K, reserved 1114112K
  class space    used 8191K, committed 8576K, reserved 1048576K
}
Event: 14151.655 GC heap after
{Heap after GC invocations=85 (full 26):
 garbage-first heap   total 81920K, used 24321K [0x0000000703a00000, 0x0000000800000000)
  region size 2048K, 0 young (0K), 0 survivors (0K)
 Metaspace       used 60054K, committed 60800K, reserved 1114112K
  class space    used 8189K, committed 8576K, reserved 1048576K
}
Event: 14151.996 GC heap before
{Heap before GC invocations=85 (full 26):
 garbage-first heap   total 81920K, used 65281K [0x0000000703a00000, 0x0000000800000000)
  region size 2048K, 20 young (40960K), 0 survivors (0K)
 Metaspace       used 60120K, committed 60864K, reserved 1114112K
  class space    used 8200K, committed 8576K, reserved 1048576K
}
Event: 14151.998 GC heap after
{Heap after GC invocations=86 (full 26):
 garbage-first heap   total 81920K, used 28070K [0x0000000703a00000, 0x0000000800000000)
  region size 2048K, 2 young (4096K), 2 survivors (4096K)
 Metaspace       used 60120K, committed 60864K, reserved 1114112K
  class space    used 8200K, committed 8576K, reserved 1048576K
}
Event: 14266.121 GC heap before
{Heap before GC invocations=86 (full 26):
 garbage-first heap   total 81920K, used 50598K [0x0000000703a00000, 0x0000000800000000)
  region size 2048K, 14 young (28672K), 2 survivors (4096K)
 Metaspace       used 60194K, committed 60992K, reserved 1114112K
  class space    used 8203K, committed 8576K, reserved 1048576K
}
Event: 14266.155 GC heap after
{Heap after GC invocations=87 (full 27):
 garbage-first heap   total 81920K, used 22675K [0x0000000703a00000, 0x0000000800000000)
  region size 2048K, 0 young (0K), 0 survivors (0K)
 Metaspace       used 60178K, committed 60992K, reserved 1114112K
  class space    used 8200K, committed 8576K, reserved 1048576K
}
Event: 14266.507 GC heap before
{Heap before GC invocations=87 (full 27):
 garbage-first heap   total 81920K, used 65683K [0x0000000703a00000, 0x0000000800000000)
  region size 2048K, 21 young (43008K), 0 survivors (0K)
 Metaspace       used 60243K, committed 60992K, reserved 1114112K
  class space    used 8210K, committed 8576K, reserved 1048576K
}
Event: 14266.509 GC heap after
{Heap after GC invocations=88 (full 27):
 garbage-first heap   total 81920K, used 26711K [0x0000000703a00000, 0x0000000800000000)
  region size 2048K, 2 young (4096K), 2 survivors (4096K)
 Metaspace       used 60243K, committed 60992K, reserved 1114112K
  class space    used 8210K, committed 8576K, reserved 1048576K
}
Event: 14271.095 GC heap before
{Heap before GC invocations=88 (full 27):
 garbage-first heap   total 81920K, used 43095K [0x0000000703a00000, 0x0000000800000000)
  region size 2048K, 11 young (22528K), 2 survivors (4096K)
 Metaspace       used 60316K, committed 61056K, reserved 1114112K
  class space    used 8214K, committed 8576K, reserved 1048576K
}
Event: 14271.129 GC heap after
{Heap after GC invocations=89 (full 28):
 garbage-first heap   total 81920K, used 22720K [0x0000000703a00000, 0x0000000800000000)
  region size 2048K, 0 young (0K), 0 survivors (0K)
 Metaspace       used 60313K, committed 61056K, reserved 1114112K
  class space    used 8213K, committed 8576K, reserved 1048576K
}
Event: 14271.499 GC heap before
{Heap before GC invocations=89 (full 28):
 garbage-first heap   total 81920K, used 65728K [0x0000000703a00000, 0x0000000800000000)
  region size 2048K, 21 young (43008K), 0 survivors (0K)
 Metaspace       used 60376K, committed 61120K, reserved 1114112K
  class space    used 8223K, committed 8576K, reserved 1048576K
}
Event: 14271.500 GC heap after
{Heap after GC invocations=90 (full 28):
 garbage-first heap   total 81920K, used 26670K [0x0000000703a00000, 0x0000000800000000)
  region size 2048K, 2 young (4096K), 2 survivors (4096K)
 Metaspace       used 60376K, committed 61120K, reserved 1114112K
  class space    used 8223K, committed 8576K, reserved 1048576K
}
Event: 14273.030 GC heap before
{Heap before GC invocations=90 (full 28):
 garbage-first heap   total 81920K, used 43054K [0x0000000703a00000, 0x0000000800000000)
  region size 2048K, 11 young (22528K), 2 survivors (4096K)
 Metaspace       used 60450K, committed 61248K, reserved 1114112K
  class space    used 8227K, committed 8640K, reserved 1048576K
}
Event: 14273.065 GC heap after
{Heap after GC invocations=91 (full 29):
 garbage-first heap   total 81920K, used 22859K [0x0000000703a00000, 0x0000000800000000)
  region size 2048K, 0 young (0K), 0 survivors (0K)
 Metaspace       used 60447K, committed 61248K, reserved 1114112K
  class space    used 8226K, committed 8640K, reserved 1048576K
}
Event: 14273.410 GC heap before
{Heap before GC invocations=91 (full 29):
 garbage-first heap   total 81920K, used 65867K [0x0000000703a00000, 0x0000000800000000)
  region size 2048K, 21 young (43008K), 0 survivors (0K)
 Metaspace       used 60512K, committed 61312K, reserved 1114112K
  class space    used 8238K, committed 8640K, reserved 1048576K
}
Event: 14273.412 GC heap after
{Heap after GC invocations=92 (full 29):
 garbage-first heap   total 81920K, used 26769K [0x0000000703a00000, 0x0000000800000000)
  region size 2048K, 2 young (4096K), 2 survivors (4096K)
 Metaspace       used 60512K, committed 61312K, reserved 1114112K
  class space    used 8238K, committed 8640K, reserved 1048576K
}
Event: 14370.240 GC heap before
{Heap before GC invocations=92 (full 29):
 garbage-first heap   total 81920K, used 47249K [0x0000000703a00000, 0x0000000800000000)
  region size 2048K, 13 young (26624K), 2 survivors (4096K)
 Metaspace       used 60585K, committed 61376K, reserved 1114112K
  class space    used 8241K, committed 8640K, reserved 1048576K
}
Event: 14370.265 GC heap after
{Heap after GC invocations=93 (full 30):
 garbage-first heap   total 81920K, used 22982K [0x0000000703a00000, 0x0000000800000000)
  region size 2048K, 0 young (0K), 0 survivors (0K)
 Metaspace       used 60583K, committed 61376K, reserved 1114112K
  class space    used 8241K, committed 8640K, reserved 1048576K
}
Event: 14456.487 GC heap before
{Heap before GC invocations=93 (full 30):
 garbage-first heap   total 81920K, used 65990K [0x0000000703a00000, 0x0000000800000000)
  region size 2048K, 21 young (43008K), 0 survivors (0K)
 Metaspace       used 60650K, committed 61440K, reserved 1114112K
  class space    used 8253K, committed 8640K, reserved 1048576K
}

