# JRE version: OpenJDK Runtime Environment Temurin-21+35-202309042131 (21.0+35) (build 21-beta+35-ea)
# Java VM: OpenJDK 64-Bit Server VM Temurin-21+35-202309042131 (21-beta+35-ea, mixed mode, emulated-client, sharing, tiered, compressed oops, compressed class ptrs, g1 gc, windows-amd64)
GC Precious Log:
 CardTable entry size: 512
 Card Set container configuration: InlinePtr #cards 4 size 8 Array Of Cards #cards 16 size 48 Howl #buckets 8 coarsen threshold 3686 Howl Bitmap #cards 512 size 80 coarsen threshold 460 Card regions per heap region 1 cards per card region 4096
 CPUs: 16 total, 16 available
 Memory: 16145M
 Large Page Support: Disabled
 NUMA Support: Disabled
 Compressed Oops: Enabled (Zero based)
 Heap Region Size: 2M
 Heap Min Capacity: 8M
 Heap Initial Capacity: 254M
 Heap Max Capacity: 4038M
 Pre-touch: Disabled
 Parallel Workers: 13
 Concurrent Workers: 3
 Concurrent Refinement Workers: 13
 Periodic GC: Disabled
Heap:
 garbage-first heap   total 81920K, used 61207K [0x0000000703a00000, 0x0000000800000000)
  region size 2048K, 20 young (40960K), 0 survivors (0K)
 Metaspace       used 59227K, committed 59968K, reserved 1114112K
  class space    used 8117K, committed 8512K, reserved 1048576K
GC Heap History (20 events):
Event: 1415.487 GC heap before
{Heap before GC invocations=33 (full 8):
 garbage-first heap   total 90112K, used 73756K [0x0000000703a00000, 0x0000000800000000)
  region size 2048K, 25 young (51200K), 0 survivors (0K)
 Metaspace       used 59225K, committed 59968K, reserved 1114112K
  class space    used 8072K, committed 8512K, reserved 1048576K
}
Event: 1415.489 GC heap after
{Heap after GC invocations=34 (full 8):
 garbage-first heap   total 90112K, used 27631K [0x0000000703a00000, 0x0000000800000000)
  region size 2048K, 3 young (6144K), 3 survivors (6144K)
 Metaspace       used 59225K, committed 59968K, reserved 1114112K
  class space    used 8072K, committed 8512K, reserved 1048576K
}
Event: 1420.960 GC heap before
{Heap before GC invocations=34 (full 8):
 garbage-first heap   total 90112K, used 35823K [0x0000000703a00000, 0x0000000800000000)
  region size 2048K, 8 young (16384K), 3 survivors (6144K)
 Metaspace       used 59313K, committed 60096K, reserved 1114112K
  class space    used 8077K, committed 8512K, reserved 1048576K
}
Event: 1420.980 GC heap after
{Heap after GC invocations=35 (full 9):
 garbage-first heap   total 90112K, used 22599K [0x0000000703a00000, 0x0000000800000000)
  region size 2048K, 0 young (0K), 0 survivors (0K)
 Metaspace       used 59310K, committed 60096K, reserved 1114112K
  class space    used 8076K, committed 8512K, reserved 1048576K
}
Event: 1421.366 GC heap before
{Heap before GC invocations=35 (full 9):
 garbage-first heap   total 90112K, used 71751K [0x0000000703a00000, 0x0000000800000000)
  region size 2048K, 24 young (49152K), 0 survivors (0K)
 Metaspace       used 59372K, committed 60160K, reserved 1114112K
  class space    used 8085K, committed 8512K, reserved 1048576K
}
Event: 1421.368 GC heap after
{Heap after GC invocations=36 (full 9):
 garbage-first heap   total 90112K, used 27148K [0x0000000703a00000, 0x0000000800000000)
  region size 2048K, 3 young (6144K), 3 survivors (6144K)
 Metaspace       used 59372K, committed 60160K, reserved 1114112K
  class space    used 8085K, committed 8512K, reserved 1048576K
}
Event: 1492.968 GC heap before
{Heap before GC invocations=36 (full 9):
 garbage-first heap   total 90112K, used 41484K [0x0000000703a00000, 0x0000000800000000)
  region size 2048K, 11 young (22528K), 3 survivors (6144K)
 Metaspace       used 59444K, committed 60224K, reserved 1114112K
  class space    used 8089K, committed 8512K, reserved 1048576K
}
Event: 1492.970 GC heap after
{Heap after GC invocations=37 (full 9):
 garbage-first heap   total 90112K, used 29330K [0x0000000703a00000, 0x0000000800000000)
  region size 2048K, 2 young (4096K), 2 survivors (4096K)
 Metaspace       used 59444K, committed 60224K, reserved 1114112K
  class space    used 8089K, committed 8512K, reserved 1048576K
}
Event: 1629.917 GC heap before
{Heap before GC invocations=38 (full 9):
 garbage-first heap   total 90112K, used 41618K [0x0000000703a00000, 0x0000000800000000)
  region size 2048K, 9 young (18432K), 2 survivors (4096K)
 Metaspace       used 59530K, committed 60288K, reserved 1114112K
  class space    used 8108K, committed 8512K, reserved 1048576K
}
Event: 1629.943 GC heap after
{Heap after GC invocations=39 (full 10):
 garbage-first heap   total 81920K, used 21394K [0x0000000703a00000, 0x0000000800000000)
  region size 2048K, 0 young (0K), 0 survivors (0K)
 Metaspace       used 58524K, committed 59776K, reserved 1114112K
  class space    used 8015K, committed 8512K, reserved 1048576K
}
Event: 1630.660 GC heap before
{Heap before GC invocations=39 (full 10):
 garbage-first heap   total 81920K, used 66450K [0x0000000703a00000, 0x0000000800000000)
  region size 2048K, 22 young (45056K), 0 survivors (0K)
 Metaspace       used 58742K, committed 59776K, reserved 1114112K
  class space    used 8066K, committed 8512K, reserved 1048576K
}
Event: 1630.662 GC heap after
{Heap after GC invocations=40 (full 10):
 garbage-first heap   total 81920K, used 26712K [0x0000000703a00000, 0x0000000800000000)
  region size 2048K, 3 young (6144K), 3 survivors (6144K)
 Metaspace       used 58742K, committed 59776K, reserved 1114112K
  class space    used 8066K, committed 8512K, reserved 1048576K
}
Event: 1975.503 GC heap before
{Heap before GC invocations=40 (full 10):
 garbage-first heap   total 81920K, used 65624K [0x0000000703a00000, 0x0000000800000000)
  region size 2048K, 22 young (45056K), 3 survivors (6144K)
 Metaspace       used 59240K, committed 59968K, reserved 1114112K
  class space    used 8130K, committed 8512K, reserved 1048576K
}
Event: 1975.508 GC heap after
{Heap after GC invocations=41 (full 10):
 garbage-first heap   total 81920K, used 30797K [0x0000000703a00000, 0x0000000800000000)
  region size 2048K, 3 young (6144K), 3 survivors (6144K)
 Metaspace       used 59240K, committed 59968K, reserved 1114112K
  class space    used 8130K, committed 8512K, reserved 1048576K
}
Event: 2919.297 GC heap before
{Heap before GC invocations=41 (full 10):
 garbage-first heap   total 81920K, used 57421K [0x0000000703a00000, 0x0000000800000000)
  region size 2048K, 17 young (34816K), 3 survivors (6144K)
 Metaspace       used 59247K, committed 60032K, reserved 1114112K
  class space    used 8131K, committed 8512K, reserved 1048576K
}
Event: 2919.322 GC heap after
{Heap after GC invocations=42 (full 11):
 garbage-first heap   total 81920K, used 21257K [0x0000000703a00000, 0x0000000800000000)
  region size 2048K, 0 young (0K), 0 survivors (0K)
 Metaspace       used 58900K, committed 59968K, reserved 1114112K
  class space    used 8063K, committed 8512K, reserved 1048576K
}
Event: 2920.103 GC heap before
{Heap before GC invocations=42 (full 11):
 garbage-first heap   total 81920K, used 64265K [0x0000000703a00000, 0x0000000800000000)
  region size 2048K, 21 young (43008K), 0 survivors (0K)
 Metaspace       used 59109K, committed 59968K, reserved 1114112K
  class space    used 8109K, committed 8512K, reserved 1048576K
}
Event: 2920.105 GC heap after
{Heap after GC invocations=43 (full 11):
 garbage-first heap   total 81920K, used 26144K [0x0000000703a00000, 0x0000000800000000)
  region size 2048K, 3 young (6144K), 3 survivors (6144K)
 Metaspace       used 59109K, committed 59968K, reserved 1114112K
  class space    used 8109K, committed 8512K, reserved 1048576K
}
Event: 2932.888 GC heap before
{Heap before GC invocations=43 (full 11):
 garbage-first heap   total 81920K, used 46624K [0x0000000703a00000, 0x0000000800000000)
  region size 2048K, 14 young (28672K), 3 survivors (6144K)
 Metaspace       used 59231K, committed 59968K, reserved 1114112K
  class space    used 8125K, committed 8512K, reserved 1048576K
}
Event: 2932.914 GC heap after
{Heap after GC invocations=44 (full 12):
 garbage-first heap   total 81920K, used 22295K [0x0000000703a00000, 0x0000000800000000)
  region size 2048K, 0 young (0K), 0 survivors (0K)
 Metaspace       used 59161K, committed 59968K, reserved 1114112K
  class space    used 8108K, committed 8512K, reserved 1048576K
}

