# JRE version: OpenJDK Runtime Environment Temurin-21+35-202309042131 (21.0+35) (build 21-beta+35-ea)
# Java VM: OpenJDK 64-Bit Server VM Temurin-21+35-202309042131 (21-beta+35-ea, mixed mode, emulated-client, sharing, tiered, compressed oops, compressed class ptrs, g1 gc, windows-amd64)
GC Precious Log:
 CardTable entry size: 512
 Card Set container configuration: InlinePtr #cards 4 size 8 Array Of Cards #cards 16 size 48 Howl #buckets 8 coarsen threshold 3686 Howl Bitmap #cards 512 size 80 coarsen threshold 460 Card regions per heap region 1 cards per card region 4096
 CPUs: 16 total, 16 available
 Memory: 16145M
 Large Page Support: Disabled
 NUMA Support: Disabled
 Compressed Oops: Enabled (Zero based)
 Heap Region Size: 2M
 Heap Min Capacity: 8M
 Heap Initial Capacity: 254M
 Heap Max Capacity: 4038M
 Pre-touch: Disabled
 Parallel Workers: 13
 Concurrent Workers: 3
 Concurrent Refinement Workers: 13
 Periodic GC: Disabled
Heap:
 garbage-first heap   total 81920K, used 69433K [0x0000000703a00000, 0x0000000800000000)
  region size 2048K, 24 young (49152K), 3 survivors (6144K)
 Metaspace       used 59268K, committed 60224K, reserved 1114112K
  class space    used 8119K, committed 8512K, reserved 1048576K
GC Heap History (20 events):
Event: 4006.737 GC heap after
{Heap after GC invocations=42 (full 3):
 garbage-first heap   total 81920K, used 23480K [0x0000000703a00000, 0x0000000800000000)
  region size 2048K, 1 young (2048K), 1 survivors (2048K)
 Metaspace       used 59089K, committed 59840K, reserved 1114112K
  class space    used 8114K, committed 8448K, reserved 1048576K
}
Event: 4036.314 GC heap before
{Heap before GC invocations=42 (full 3):
 garbage-first heap   total 81920K, used 70584K [0x0000000703a00000, 0x0000000800000000)
  region size 2048K, 24 young (49152K), 1 survivors (2048K)
 Metaspace       used 59124K, committed 59904K, reserved 1114112K
  class space    used 8121K, committed 8448K, reserved 1048576K
}
Event: 4036.316 GC heap after
{Heap after GC invocations=43 (full 3):
 garbage-first heap   total 81920K, used 25747K [0x0000000703a00000, 0x0000000800000000)
  region size 2048K, 2 young (4096K), 2 survivors (4096K)
 Metaspace       used 59124K, committed 59904K, reserved 1114112K
  class space    used 8121K, committed 8448K, reserved 1048576K
}
Event: 4074.940 GC heap before
{Heap before GC invocations=43 (full 3):
 garbage-first heap   total 81920K, used 68755K [0x0000000703a00000, 0x0000000800000000)
  region size 2048K, 23 young (47104K), 2 survivors (4096K)
 Metaspace       used 59162K, committed 59904K, reserved 1114112K
  class space    used 8127K, committed 8448K, reserved 1048576K
}
Event: 4074.941 GC heap after
{Heap after GC invocations=44 (full 3):
 garbage-first heap   total 81920K, used 25054K [0x0000000703a00000, 0x0000000800000000)
  region size 2048K, 2 young (4096K), 2 survivors (4096K)
 Metaspace       used 59162K, committed 59904K, reserved 1114112K
  class space    used 8127K, committed 8448K, reserved 1048576K
}
Event: 4079.632 GC heap before
{Heap before GC invocations=44 (full 3):
 garbage-first heap   total 81920K, used 68062K [0x0000000703a00000, 0x0000000800000000)
  region size 2048K, 23 young (47104K), 2 survivors (4096K)
 Metaspace       used 59210K, committed 59968K, reserved 1114112K
  class space    used 8131K, committed 8448K, reserved 1048576K
}
Event: 4079.634 GC heap after
{Heap after GC invocations=45 (full 3):
 garbage-first heap   total 81920K, used 23737K [0x0000000703a00000, 0x0000000800000000)
  region size 2048K, 1 young (2048K), 1 survivors (2048K)
 Metaspace       used 59210K, committed 59968K, reserved 1114112K
  class space    used 8131K, committed 8448K, reserved 1048576K
}
Event: 4099.064 GC heap before
{Heap before GC invocations=45 (full 3):
 garbage-first heap   total 81920K, used 70841K [0x0000000703a00000, 0x0000000800000000)
  region size 2048K, 24 young (49152K), 1 survivors (2048K)
 Metaspace       used 59244K, committed 60032K, reserved 1114112K
  class space    used 8137K, committed 8448K, reserved 1048576K
}
Event: 4099.066 GC heap after
{Heap after GC invocations=46 (full 3):
 garbage-first heap   total 81920K, used 25883K [0x0000000703a00000, 0x0000000800000000)
  region size 2048K, 2 young (4096K), 2 survivors (4096K)
 Metaspace       used 59244K, committed 60032K, reserved 1114112K
  class space    used 8137K, committed 8448K, reserved 1048576K
}
Event: 4106.796 GC heap before
{Heap before GC invocations=46 (full 3):
 garbage-first heap   total 81920K, used 68891K [0x0000000703a00000, 0x0000000800000000)
  region size 2048K, 23 young (47104K), 2 survivors (4096K)
 Metaspace       used 59282K, committed 60032K, reserved 1114112K
  class space    used 8143K, committed 8448K, reserved 1048576K
}
Event: 4106.798 GC heap after
{Heap after GC invocations=47 (full 3):
 garbage-first heap   total 81920K, used 25364K [0x0000000703a00000, 0x0000000800000000)
  region size 2048K, 2 young (4096K), 2 survivors (4096K)
 Metaspace       used 59282K, committed 60032K, reserved 1114112K
  class space    used 8143K, committed 8448K, reserved 1048576K
}
Event: 4117.565 GC heap before
{Heap before GC invocations=47 (full 3):
 garbage-first heap   total 81920K, used 68372K [0x0000000703a00000, 0x0000000800000000)
  region size 2048K, 23 young (47104K), 2 survivors (4096K)
 Metaspace       used 59332K, committed 60096K, reserved 1114112K
  class space    used 8148K, committed 8448K, reserved 1048576K
}
Event: 4117.567 GC heap after
{Heap after GC invocations=48 (full 3):
 garbage-first heap   total 81920K, used 24917K [0x0000000703a00000, 0x0000000800000000)
  region size 2048K, 1 young (2048K), 1 survivors (2048K)
 Metaspace       used 59332K, committed 60096K, reserved 1114112K
  class space    used 8148K, committed 8448K, reserved 1048576K
}
Event: 4118.136 GC heap before
{Heap before GC invocations=48 (full 3):
 garbage-first heap   total 81920K, used 69973K [0x0000000703a00000, 0x0000000800000000)
  region size 2048K, 24 young (49152K), 1 survivors (2048K)
 Metaspace       used 59389K, committed 60224K, reserved 1114112K
  class space    used 8155K, committed 8512K, reserved 1048576K
}
Event: 4118.137 GC heap after
{Heap after GC invocations=49 (full 3):
 garbage-first heap   total 81920K, used 23879K [0x0000000703a00000, 0x0000000800000000)
  region size 2048K, 1 young (2048K), 1 survivors (2048K)
 Metaspace       used 59389K, committed 60224K, reserved 1114112K
  class space    used 8155K, committed 8512K, reserved 1048576K
}
Event: 4123.287 GC heap before
{Heap before GC invocations=49 (full 3):
 garbage-first heap   total 81920K, used 27975K [0x0000000703a00000, 0x0000000800000000)
  region size 2048K, 4 young (8192K), 1 survivors (2048K)
 Metaspace       used 59392K, committed 60224K, reserved 1114112K
  class space    used 8156K, committed 8512K, reserved 1048576K
}
Event: 4123.289 GC heap after
{Heap after GC invocations=50 (full 3):
 garbage-first heap   total 81920K, used 24165K [0x0000000703a00000, 0x0000000800000000)
  region size 2048K, 1 young (2048K), 1 survivors (2048K)
 Metaspace       used 59392K, committed 60224K, reserved 1114112K
  class space    used 8156K, committed 8512K, reserved 1048576K
}
Event: 4124.103 GC heap before
{Heap before GC invocations=51 (full 3):
 garbage-first heap   total 81920K, used 69221K [0x0000000703a00000, 0x0000000800000000)
  region size 2048K, 24 young (49152K), 1 survivors (2048K)
 Metaspace       used 59228K, committed 60224K, reserved 1114112K
  class space    used 8115K, committed 8512K, reserved 1048576K
}
Event: 4124.105 GC heap after
{Heap after GC invocations=52 (full 3):
 garbage-first heap   total 81920K, used 26425K [0x0000000703a00000, 0x0000000800000000)
  region size 2048K, 2 young (4096K), 2 survivors (4096K)
 Metaspace       used 59228K, committed 60224K, reserved 1114112K
  class space    used 8115K, committed 8512K, reserved 1048576K
}
Event: 4203.056 GC heap before
{Heap before GC invocations=52 (full 3):
 garbage-first heap   total 81920K, used 69433K [0x0000000703a00000, 0x0000000800000000)
  region size 2048K, 23 young (47104K), 2 survivors (4096K)
 Metaspace       used 59268K, committed 60224K, reserved 1114112K
  class space    used 8119K, committed 8512K, reserved 1048576K
}

